<?xml version="1.0" encoding="UTF-8"?>
<testng-results skipped="0" failed="0" total="1" passed="1">
  <reporter-output>
  </reporter-output>
  <suite name="Default suite" duration-ms="19049" started-at="2016-02-21T17:27:23Z" finished-at="2016-02-21T17:27:42Z">
    <groups>
    </groups>
    <test name="Default test" duration-ms="19049" started-at="2016-02-21T17:27:23Z" finished-at="2016-02-21T17:27:42Z">
      <class name="git_maven.Open_BrowserTest">
        <test-method status="PASS" signature="openBrowser()[pri:0, instance:git_maven.Open_BrowserTest@1fbc7afb]" name="openBrowser" duration-ms="19013" started-at="2016-02-21T09:27:23Z" finished-at="2016-02-21T09:27:42Z">
          <reporter-output>
          </reporter-output>
        </test-method> <!-- openBrowser -->
      </class> <!-- git_maven.Open_BrowserTest -->
    </test> <!-- Default test -->
  </suite> <!-- Default suite -->
</testng-results>
